# JRE version: OpenJDK Runtime Environment (17.0.7) (build 17.0.7+0-b2043.56-10550314)
# Java VM: OpenJDK 64-Bit Server VM (17.0.7+0-b2043.56-10550314, mixed mode, tiered, compressed oops, compressed class ptrs, g1 gc, windows-amd64)
GC Precious Log:
 CPUs: 4 total, 4 available
 Memory: 12030M
 Large Page Support: Disabled
 NUMA Support: Disabled
 Compressed Oops: Enabled (32-bit)
 Heap Region Size: 1M
 Heap Min Capacity: 8M
 Heap Initial Capacity: 188M
 Heap Max Capacity: 2G
 Pre-touch: Disabled
 Parallel Workers: 4
 Concurrent Workers: 1
 Concurrent Refinement Workers: 4
 Periodic GC: Disabled
Heap:
 garbage-first heap   total 184320K, used 135102K [0x0000000080000000, 0x0000000100000000)
  region size 1024K, 44 young (45056K), 6 survivors (6144K)
 Metaspace       used 100769K, committed 101504K, reserved 1179648K
  class space    used 13748K, committed 14080K, reserved 1048576K
GC Heap History (20 events):
Event: 16.923 GC heap before
{Heap before GC invocations=37 (full 0):
 garbage-first heap   total 109568K, used 83035K [0x0000000080000000, 0x0000000100000000)
  region size 1024K, 26 young (26624K), 1 survivors (1024K)
 Metaspace       used 73650K, committed 74304K, reserved 1114112K
  class space    used 9842K, committed 10176K, reserved 1048576K
}
Event: 16.926 GC heap after
{Heap after GC invocations=38 (full 0):
 garbage-first heap   total 184320K, used 60065K [0x0000000080000000, 0x0000000100000000)
  region size 1024K, 2 young (2048K), 2 survivors (2048K)
 Metaspace       used 73650K, committed 74304K, reserved 1114112K
  class space    used 9842K, committed 10176K, reserved 1048576K
}
Event: 18.218 GC heap before
{Heap before GC invocations=39 (full 0):
 garbage-first heap   total 184320K, used 127649K [0x0000000080000000, 0x0000000100000000)
  region size 1024K, 68 young (69632K), 2 survivors (2048K)
 Metaspace       used 79900K, committed 80512K, reserved 1179648K
  class space    used 10674K, committed 10944K, reserved 1048576K
}
Event: 18.225 GC heap after
{Heap after GC invocations=40 (full 0):
 garbage-first heap   total 184320K, used 63795K [0x0000000080000000, 0x0000000100000000)
  region size 1024K, 6 young (6144K), 6 survivors (6144K)
 Metaspace       used 79900K, committed 80512K, reserved 1179648K
  class space    used 10674K, committed 10944K, reserved 1048576K
}
Event: 18.299 GC heap before
{Heap before GC invocations=40 (full 0):
 garbage-first heap   total 184320K, used 66867K [0x0000000080000000, 0x0000000100000000)
  region size 1024K, 9 young (9216K), 6 survivors (6144K)
 Metaspace       used 80177K, committed 80768K, reserved 1179648K
  class space    used 10710K, committed 11008K, reserved 1048576K
}
Event: 18.305 GC heap after
{Heap after GC invocations=41 (full 0):
 garbage-first heap   total 184320K, used 64126K [0x0000000080000000, 0x0000000100000000)
  region size 1024K, 1 young (1024K), 1 survivors (1024K)
 Metaspace       used 80177K, committed 80768K, reserved 1179648K
  class space    used 10710K, committed 11008K, reserved 1048576K
}
Event: 19.652 GC heap before
{Heap before GC invocations=41 (full 0):
 garbage-first heap   total 184320K, used 140926K [0x0000000080000000, 0x0000000100000000)
  region size 1024K, 75 young (76800K), 1 survivors (1024K)
 Metaspace       used 86034K, committed 86656K, reserved 1179648K
  class space    used 11724K, committed 12032K, reserved 1048576K
}
Event: 19.656 GC heap after
{Heap after GC invocations=42 (full 0):
 garbage-first heap   total 184320K, used 66177K [0x0000000080000000, 0x0000000100000000)
  region size 1024K, 3 young (3072K), 3 survivors (3072K)
 Metaspace       used 86034K, committed 86656K, reserved 1179648K
  class space    used 11724K, committed 12032K, reserved 1048576K
}
Event: 22.518 GC heap before
{Heap before GC invocations=42 (full 0):
 garbage-first heap   total 184320K, used 145025K [0x0000000080000000, 0x0000000100000000)
  region size 1024K, 80 young (81920K), 3 survivors (3072K)
 Metaspace       used 92799K, committed 93440K, reserved 1179648K
  class space    used 12751K, committed 13056K, reserved 1048576K
}
Event: 22.529 GC heap after
{Heap after GC invocations=43 (full 0):
 garbage-first heap   total 184320K, used 70221K [0x0000000080000000, 0x0000000100000000)
  region size 1024K, 7 young (7168K), 7 survivors (7168K)
 Metaspace       used 92799K, committed 93440K, reserved 1179648K
  class space    used 12751K, committed 13056K, reserved 1048576K
}
Event: 23.686 GC heap before
{Heap before GC invocations=43 (full 0):
 garbage-first heap   total 184320K, used 147021K [0x0000000080000000, 0x0000000100000000)
  region size 1024K, 82 young (83968K), 7 survivors (7168K)
 Metaspace       used 96061K, committed 96768K, reserved 1179648K
  class space    used 13161K, committed 13504K, reserved 1048576K
}
Event: 23.700 GC heap after
{Heap after GC invocations=44 (full 0):
 garbage-first heap   total 184320K, used 79641K [0x0000000080000000, 0x0000000100000000)
  region size 1024K, 11 young (11264K), 11 survivors (11264K)
 Metaspace       used 96061K, committed 96768K, reserved 1179648K
  class space    used 13161K, committed 13504K, reserved 1048576K
}
Event: 26.537 GC heap before
{Heap before GC invocations=44 (full 0):
 garbage-first heap   total 184320K, used 145177K [0x0000000080000000, 0x0000000100000000)
  region size 1024K, 76 young (77824K), 11 survivors (11264K)
 Metaspace       used 98087K, committed 98752K, reserved 1179648K
  class space    used 13485K, committed 13824K, reserved 1048576K
}
Event: 26.553 GC heap after
{Heap after GC invocations=45 (full 0):
 garbage-first heap   total 184320K, used 86016K [0x0000000080000000, 0x0000000100000000)
  region size 1024K, 6 young (6144K), 6 survivors (6144K)
 Metaspace       used 98087K, committed 98752K, reserved 1179648K
  class space    used 13485K, committed 13824K, reserved 1048576K
}
Event: 28.080 GC heap before
{Heap before GC invocations=45 (full 0):
 garbage-first heap   total 184320K, used 146432K [0x0000000080000000, 0x0000000100000000)
  region size 1024K, 66 young (67584K), 6 survivors (6144K)
 Metaspace       used 98680K, committed 99392K, reserved 1179648K
  class space    used 13527K, committed 13888K, reserved 1048576K
}
Event: 28.091 GC heap after
{Heap after GC invocations=46 (full 0):
 garbage-first heap   total 184320K, used 91561K [0x0000000080000000, 0x0000000100000000)
  region size 1024K, 5 young (5120K), 5 survivors (5120K)
 Metaspace       used 98680K, committed 99392K, reserved 1179648K
  class space    used 13527K, committed 13888K, reserved 1048576K
}
Event: 29.572 GC heap before
{Heap before GC invocations=46 (full 0):
 garbage-first heap   total 184320K, used 147881K [0x0000000080000000, 0x0000000100000000)
  region size 1024K, 61 young (62464K), 5 survivors (5120K)
 Metaspace       used 99123K, committed 99776K, reserved 1179648K
  class space    used 13573K, committed 13888K, reserved 1048576K
}
Event: 29.587 GC heap after
{Heap after GC invocations=47 (full 0):
 garbage-first heap   total 184320K, used 95166K [0x0000000080000000, 0x0000000100000000)
  region size 1024K, 4 young (4096K), 4 survivors (4096K)
 Metaspace       used 99123K, committed 99776K, reserved 1179648K
  class space    used 13573K, committed 13888K, reserved 1048576K
}
Event: 577.877 GC heap before
{Heap before GC invocations=47 (full 0):
 garbage-first heap   total 184320K, used 150462K [0x0000000080000000, 0x0000000100000000)
  region size 1024K, 59 young (60416K), 4 survivors (4096K)
 Metaspace       used 100363K, committed 101056K, reserved 1179648K
  class space    used 13726K, committed 14080K, reserved 1048576K
}
Event: 577.946 GC heap after
{Heap after GC invocations=48 (full 0):
 garbage-first heap   total 184320K, used 97214K [0x0000000080000000, 0x0000000100000000)
  region size 1024K, 6 young (6144K), 6 survivors (6144K)
 Metaspace       used 100363K, committed 101056K, reserved 1179648K
  class space    used 13726K, committed 14080K, reserved 1048576K
}

