# JRE version: OpenJDK Runtime Environment (17.0.7) (build 17.0.7+0-b2043.56-10550314)
# Java VM: OpenJDK 64-Bit Server VM (17.0.7+0-b2043.56-10550314, mixed mode, tiered, compressed oops, compressed class ptrs, g1 gc, windows-amd64)
GC Precious Log:
 CPUs: 4 total, 4 available
 Memory: 12030M
 Large Page Support: Disabled
 NUMA Support: Disabled
 Compressed Oops: Enabled (32-bit)
 Heap Region Size: 1M
 Heap Min Capacity: 8M
 Heap Initial Capacity: 188M
 Heap Max Capacity: 2G
 Pre-touch: Disabled
 Parallel Workers: 4
 Concurrent Workers: 1
 Concurrent Refinement Workers: 4
 Periodic GC: Disabled
Heap:
 garbage-first heap   total 368640K, used 135258K [0x0000000080000000, 0x0000000100000000)
  region size 1024K, 5 young (5120K), 5 survivors (5120K)
 Metaspace       used 130271K, committed 131200K, reserved 1179648K
  class space    used 17707K, committed 18176K, reserved 1048576K
GC Heap History (20 events):
Event: 30.149 GC heap after
{Heap after GC invocations=37 (full 0):
 garbage-first heap   total 368640K, used 129993K [0x0000000080000000, 0x0000000100000000)
  region size 1024K, 14 young (14336K), 14 survivors (14336K)
 Metaspace       used 101417K, committed 102144K, reserved 1179648K
  class space    used 13728K, committed 14080K, reserved 1048576K
}
Event: 32.557 GC heap before
{Heap before GC invocations=37 (full 0):
 garbage-first heap   total 368640K, used 201673K [0x0000000080000000, 0x0000000100000000)
  region size 1024K, 86 young (88064K), 14 survivors (14336K)
 Metaspace       used 102616K, committed 103360K, reserved 1179648K
  class space    used 13842K, committed 14208K, reserved 1048576K
}
Event: 32.572 GC heap after
{Heap after GC invocations=38 (full 0):
 garbage-first heap   total 368640K, used 135340K [0x0000000080000000, 0x0000000100000000)
  region size 1024K, 6 young (6144K), 6 survivors (6144K)
 Metaspace       used 102616K, committed 103360K, reserved 1179648K
  class space    used 13842K, committed 14208K, reserved 1048576K
}
Event: 302.653 GC heap before
{Heap before GC invocations=39 (full 0):
 garbage-first heap   total 368640K, used 285868K [0x0000000080000000, 0x0000000100000000)
  region size 1024K, 153 young (156672K), 6 survivors (6144K)
 Metaspace       used 108424K, committed 109184K, reserved 1179648K
  class space    used 14590K, committed 14976K, reserved 1048576K
}
Event: 302.681 GC heap after
{Heap after GC invocations=40 (full 0):
 garbage-first heap   total 368640K, used 129196K [0x0000000080000000, 0x0000000100000000)
  region size 1024K, 17 young (17408K), 17 survivors (17408K)
 Metaspace       used 108424K, committed 109184K, reserved 1179648K
  class space    used 14590K, committed 14976K, reserved 1048576K
}
Event: 302.689 GC heap before
{Heap before GC invocations=40 (full 0):
 garbage-first heap   total 368640K, used 130220K [0x0000000080000000, 0x0000000100000000)
  region size 1024K, 18 young (18432K), 17 survivors (17408K)
 Metaspace       used 108643K, committed 109440K, reserved 1179648K
  class space    used 14649K, committed 15040K, reserved 1048576K
}
Event: 302.709 GC heap after
{Heap after GC invocations=41 (full 0):
 garbage-first heap   total 368640K, used 126647K [0x0000000080000000, 0x0000000100000000)
  region size 1024K, 2 young (2048K), 2 survivors (2048K)
 Metaspace       used 108643K, committed 109440K, reserved 1179648K
  class space    used 14649K, committed 15040K, reserved 1048576K
}
Event: 302.967 GC heap before
{Heap before GC invocations=41 (full 0):
 garbage-first heap   total 368640K, used 146103K [0x0000000080000000, 0x0000000100000000)
  region size 1024K, 23 young (23552K), 2 survivors (2048K)
 Metaspace       used 112515K, committed 113344K, reserved 1179648K
  class space    used 15100K, committed 15488K, reserved 1048576K
}
Event: 302.969 GC heap after
{Heap after GC invocations=42 (full 0):
 garbage-first heap   total 368640K, used 127575K [0x0000000080000000, 0x0000000100000000)
  region size 1024K, 3 young (3072K), 3 survivors (3072K)
 Metaspace       used 112515K, committed 113344K, reserved 1179648K
  class space    used 15100K, committed 15488K, reserved 1048576K
}
Event: 305.942 GC heap before
{Heap before GC invocations=43 (full 0):
 garbage-first heap   total 368640K, used 295511K [0x0000000080000000, 0x0000000100000000)
  region size 1024K, 166 young (169984K), 3 survivors (3072K)
 Metaspace       used 127512K, committed 128320K, reserved 1179648K
  class space    used 17251K, committed 17600K, reserved 1048576K
}
Event: 305.959 GC heap after
{Heap after GC invocations=44 (full 0):
 garbage-first heap   total 368640K, used 139205K [0x0000000080000000, 0x0000000100000000)
  region size 1024K, 13 young (13312K), 13 survivors (13312K)
 Metaspace       used 127512K, committed 128320K, reserved 1179648K
  class space    used 17251K, committed 17600K, reserved 1048576K
}
Event: 306.060 GC heap before
{Heap before GC invocations=44 (full 0):
 garbage-first heap   total 368640K, used 144325K [0x0000000080000000, 0x0000000100000000)
  region size 1024K, 18 young (18432K), 13 survivors (13312K)
 Metaspace       used 127851K, committed 128640K, reserved 1179648K
  class space    used 17303K, committed 17664K, reserved 1048576K
}
Event: 306.071 GC heap after
{Heap after GC invocations=45 (full 0):
 garbage-first heap   total 368640K, used 131678K [0x0000000080000000, 0x0000000100000000)
  region size 1024K, 2 young (2048K), 2 survivors (2048K)
 Metaspace       used 127851K, committed 128640K, reserved 1179648K
  class space    used 17303K, committed 17664K, reserved 1048576K
}
Event: 306.338 GC heap before
{Heap before GC invocations=45 (full 0):
 garbage-first heap   total 368640K, used 147038K [0x0000000080000000, 0x0000000100000000)
  region size 1024K, 19 young (19456K), 2 survivors (2048K)
 Metaspace       used 129351K, committed 130176K, reserved 1179648K
  class space    used 17640K, committed 18048K, reserved 1048576K
}
Event: 306.341 GC heap after
{Heap after GC invocations=46 (full 0):
 garbage-first heap   total 368640K, used 131342K [0x0000000080000000, 0x0000000100000000)
  region size 1024K, 2 young (2048K), 2 survivors (2048K)
 Metaspace       used 129351K, committed 130176K, reserved 1179648K
  class space    used 17640K, committed 18048K, reserved 1048576K
}
Event: 765.153 GC heap before
{Heap before GC invocations=47 (full 0):
 garbage-first heap   total 368640K, used 315183K [0x0000000080000000, 0x0000000100000000)
  region size 1024K, 165 young (168960K), 2 survivors (2048K)
 Metaspace       used 130128K, committed 131008K, reserved 1179648K
  class space    used 17702K, committed 18112K, reserved 1048576K
}
Event: 765.331 GC heap after
{Heap after GC invocations=48 (full 0):
 garbage-first heap   total 368640K, used 137834K [0x0000000080000000, 0x0000000100000000)
  region size 1024K, 8 young (8192K), 8 survivors (8192K)
 Metaspace       used 130128K, committed 131008K, reserved 1179648K
  class space    used 17702K, committed 18112K, reserved 1048576K
}
Event: 766.016 GC heap before
{Heap before GC invocations=48 (full 0):
 garbage-first heap   total 368640K, used 147050K [0x0000000080000000, 0x0000000100000000)
  region size 1024K, 18 young (18432K), 8 survivors (8192K)
 Metaspace       used 130170K, committed 131136K, reserved 1179648K
  class space    used 17707K, committed 18176K, reserved 1048576K
}
Event: 766.130 GC heap after
{Heap after GC invocations=49 (full 0):
 garbage-first heap   total 368640K, used 132894K [0x0000000080000000, 0x0000000100000000)
  region size 1024K, 3 young (3072K), 3 survivors (3072K)
 Metaspace       used 130170K, committed 131136K, reserved 1179648K
  class space    used 17707K, committed 18176K, reserved 1048576K
}
Event: 766.455 GC heap before
{Heap before GC invocations=49 (full 0):
 garbage-first heap   total 368640K, used 136990K [0x0000000080000000, 0x0000000100000000)
  region size 1024K, 8 young (8192K), 3 survivors (3072K)
 Metaspace       used 130271K, committed 131200K, reserved 1179648K
  class space    used 17707K, committed 18176K, reserved 1048576K
}

